<?xml version="1.0" encoding="UTF-8"?>
<!-- Generated by org.testng.reporters.JUnitReportReporter -->
<testsuite hostname="RAMKUMAR" failures="0" tests="2" name="suiteB.TestBB" time="4.044" errors="0" timestamp="2024-01-02T10:54:39 IST" skipped="0">
  <testcase classname="suiteB.TestBB" name="testBB" time="2.022"/>
  <system-out/>
  <testcase classname="suiteB.TestBB" name="testBB" time="2.022"/>
  <system-out/>
</testsuite> <!-- suiteB.TestBB -->
