<?xml version="1.0" encoding="UTF-8"?>
<!-- Generated by org.testng.reporters.JUnitReportReporter -->
<testsuite hostname="RAMKUMAR" failures="0" tests="2" name="suiteC.TestC" time="4.416" errors="0" timestamp="2024-01-02T11:03:26 IST" skipped="0">
  <testcase classname="suiteC.TestC" name="testC" time="2.195"/>
  <system-out/>
  <testcase classname="suiteC.TestC" name="testC" time="2.221"/>
  <system-out/>
</testsuite> <!-- suiteC.TestC -->
