<?xml version="1.0" encoding="UTF-8"?>
<!-- Generated by org.testng.reporters.JUnitReportReporter -->
<testsuite hostname="RAMKUMAR" failures="0" tests="2" name="suiteA.TestAA" time="0.020" errors="0" timestamp="2023-12-31T16:30:26 IST" skipped="0">
  <testcase classname="suiteA.TestAA" name="testAA" time="0.009"/>
  <system-out/>
  <testcase classname="suiteA.TestAA" name="testAA" time="0.011"/>
  <system-out/>
</testsuite> <!-- suiteA.TestAA -->
