<?xml version="1.0" encoding="UTF-8"?>
<!-- Generated by org.testng.reporters.JUnitReportReporter -->
<testsuite hostname="RAMKUMAR" failures="0" tests="2" name="suiteC.TestC" time="4.047" errors="0" timestamp="2023-12-31T16:30:26 IST" skipped="0">
  <testcase classname="suiteC.TestC" name="testC" time="2.024"/>
  <system-out/>
  <testcase classname="suiteC.TestC" name="testC" time="2.023"/>
  <system-out/>
</testsuite> <!-- suiteC.TestC -->
