<?xml version="1.0" encoding="UTF-8"?>
<!-- Generated by org.testng.reporters.JUnitReportReporter -->
<testsuite hostname="RAMKUMAR" failures="0" tests="2" name="suiteB.TestB" time="4.083" errors="0" timestamp="2024-01-02T10:45:17 IST" skipped="0">
  <testcase classname="suiteB.TestB" name="testB" time="2.036"/>
  <system-out/>
  <testcase classname="suiteB.TestB" name="testB" time="2.047"/>
  <system-out/>
</testsuite> <!-- suiteB.TestB -->
