<?xml version="1.0" encoding="UTF-8"?>
<!-- Generated by org.testng.reporters.JUnitReportReporter -->
<testsuite hostname="RAMKUMAR" failures="0" tests="2" name="suiteC.TestCC" time="4.050" errors="0" timestamp="2023-12-31T16:30:26 IST" skipped="0">
  <testcase classname="suiteC.TestCC" name="testCC" time="2.029"/>
  <system-out/>
  <testcase classname="suiteC.TestCC" name="testCC" time="2.021"/>
  <system-out/>
</testsuite> <!-- suiteC.TestCC -->
