<?xml version="1.0" encoding="UTF-8"?>
<!-- Generated by org.testng.reporters.JUnitReportReporter -->
<testsuite hostname="RAMKUMAR" failures="0" tests="2" name="suiteC.TestCC" time="4.071" errors="0" timestamp="2024-01-02T11:03:26 IST" skipped="0">
  <testcase classname="suiteC.TestCC" name="testCC" time="2.042"/>
  <system-out/>
  <testcase classname="suiteC.TestCC" name="testCC" time="2.029"/>
  <system-out/>
</testsuite> <!-- suiteC.TestCC -->
