<?xml version="1.0" encoding="UTF-8"?>
<!-- Generated by org.testng.reporters.JUnitReportReporter -->
<testsuite hostname="RAMKUMAR" failures="0" tests="2" name="suiteC.TestCC" time="4.064" errors="0" timestamp="2024-01-02T10:45:17 IST" skipped="0">
  <testcase classname="suiteC.TestCC" name="testCC" time="2.030"/>
  <system-out/>
  <testcase classname="suiteC.TestCC" name="testCC" time="2.034"/>
  <system-out/>
</testsuite> <!-- suiteC.TestCC -->
