<?xml version="1.0" encoding="UTF-8"?>
<!-- Generated by org.testng.reporters.JUnitReportReporter -->
<testsuite hostname="RAMKUMAR" failures="0" tests="2" name="suiteB.TestB" time="4.056" errors="0" timestamp="2023-12-31T16:30:26 IST" skipped="0">
  <testcase classname="suiteB.TestB" name="testB" time="2.024"/>
  <system-out/>
  <testcase classname="suiteB.TestB" name="testB" time="2.032"/>
  <system-out/>
</testsuite> <!-- suiteB.TestB -->
