<?xml version="1.0" encoding="UTF-8"?>
<!-- Generated by org.testng.reporters.JUnitReportReporter -->
<testsuite hostname="RAMKUMAR" failures="0" tests="2" name="suiteA.TestAA" time="0.019" errors="0" timestamp="2024-01-02T10:45:17 IST" skipped="0">
  <testcase classname="suiteA.TestAA" name="testAA" time="0.010"/>
  <system-out/>
  <testcase classname="suiteA.TestAA" name="testAA" time="0.009"/>
  <system-out/>
</testsuite> <!-- suiteA.TestAA -->
