<?xml version="1.0" encoding="UTF-8"?>
<!-- Generated by org.testng.reporters.JUnitReportReporter -->
<testsuite hostname="RAMKUMAR" failures="0" tests="2" name="suiteB.TestBB" time="4.047" errors="0" timestamp="2023-12-31T16:30:26 IST" skipped="0">
  <testcase classname="suiteB.TestBB" name="testBB" time="2.020"/>
  <system-out/>
  <testcase classname="suiteB.TestBB" name="testBB" time="2.027"/>
  <system-out/>
</testsuite> <!-- suiteB.TestBB -->
